<?xml version="1.0" encoding="UTF-8"?>
<!-- Generated by org.testng.reporters.JUnitReportReporter -->
<testsuite skipped="0" hostname="LAPTOP-VU9QE24V" name="com.maven.browserMob2.CaptureNetworkTraffic" tests="1" failures="0" timestamp="28 Mar 2018 06:58:25 GMT" time="24.309" errors="0">
  <testcase name="demo_test1" time="24.309" classname="com.maven.browserMob2.CaptureNetworkTraffic"/>
</testsuite> <!-- com.maven.browserMob2.CaptureNetworkTraffic -->
