<?xml version="1.0" encoding="UTF-8"?>
<!-- Generated by org.testng.reporters.JUnitReportReporter -->
<testsuite skipped="0" hostname="LAPTOP-VU9QE24V" name="com.maven.browserMob2.Basic" tests="1" failures="0" timestamp="28 Mar 2018 03:18:06 GMT" time="23.778" errors="0">
  <testcase name="demo_test1" time="23.778" classname="com.maven.browserMob2.Basic"/>
</testsuite> <!-- com.maven.browserMob2.Basic -->
